<?xml version="1.0" encoding="UTF-8"?>
<testsuite xmlns:xsi="http://www.w3.org/2001/XMLSchema-instance" xsi:noNamespaceSchemaLocation="https://maven.apache.org/surefire/maven-surefire-plugin/xsd/surefire-test-report.xsd" name="RdzIGameTestRunners.RdzIGameTestLoginRunner" time="71.68" tests="27" errors="0" skipped="0" failures="2">
  <properties>
[...]
</properties>
  <testcase name="Given I open IGame page in &quot;firefox&quot;" classname="Scenario: Negative Test Case - Emtpy Password" time="0.003"/>
  <testcase name="Given I open Login form" classname="Scenario: Negative Test Case - Emtpy Password" time="0"/>
  <testcase name="When I enter username as &quot;test&quot;" classname="Scenario: Negative Test Case - Emtpy Password" time="0"/>
  <testcase name="Then Log In button should remain disabled" classname="Scenario: Negative Test Case - Emtpy Password" time="0.004">
    <failure message="Login button is not disabled!" type="java.lang.AssertionError">java.lang.AssertionError: Login button is not disabled!
</failure>
    <system-out><![CDATA[<<<<< Verifying that Login Button is disabled >>>>>
]]></system-out>
  </testcase>
  <testcase name="Scenario: Negative Test Case - Emtpy Password" classname="Scenario: Negative Test Case - Emtpy Password" time="0.004">
    <failure message="Login button is not disabled!" type="java.lang.AssertionError">java.lang.AssertionError: Login button is not disabled!
</failure>
  </testcase>
  <testcase name="Given I open IGame page in &quot;firefox&quot;" classname="Scenario: Negative Test Case - Wrong Credentials" time="0.001"/>
  <testcase name="Given I open Login form" classname="Scenario: Negative Test Case - Wrong Credentials" time="0"/>
  <testcase name="When I enter username as &quot;test&quot;" classname="Scenario: Negative Test Case - Wrong Credentials" time="0"/>
  <testcase name="And I enter password as &quot;test&quot;" classname="Scenario: Negative Test Case - Wrong Credentials" time="0"/>
  <testcase name="And I press login button" classname="Scenario: Negative Test Case - Wrong Credentials" time="0"/>
  <testcase name="Then Validation message should appear" classname="Scenario: Negative Test Case - Wrong Credentials" time="0"/>
  <testcase name="And Mesage text should be &quot;The username and/or password is incorrect&quot;" classname="Scenario: Negative Test Case - Wrong Credentials" time="0"/>
  <testcase name="Scenario: Negative Test Case - Wrong Credentials" classname="Scenario: Negative Test Case - Wrong Credentials" time="1.812"/>
  <testcase name="Given I open IGame page in &quot;firefox&quot;" classname="| ratkodz@mailinator.com | KjnOM816kE8rn6e |" time="0"/>
  <testcase name="Given I open Login form" classname="| ratkodz@mailinator.com | KjnOM816kE8rn6e |" time="0"/>
  <testcase name="When I enter username as &quot;ratkodz@mailinator.com&quot;" classname="| ratkodz@mailinator.com | KjnOM816kE8rn6e |" time="0"/>
  <testcase name="And I enter password as &quot;KjnOM816kE8rn6e&quot;" classname="| ratkodz@mailinator.com | KjnOM816kE8rn6e |" time="0"/>
  <testcase name="And I press login button" classname="| ratkodz@mailinator.com | KjnOM816kE8rn6e |" time="0"/>
  <testcase name="Then User should be loged in" classname="| ratkodz@mailinator.com | KjnOM816kE8rn6e |" time="0"/>
  <testcase name="| ratkodz@mailinator.com | KjnOM816kE8rn6e |" classname="| ratkodz@mailinator.com | KjnOM816kE8rn6e |" time="4.711"/>
  <testcase name="Given I open IGame page in &quot;firefox&quot;" classname="| ratko.dz@mailinator.com | OncSDalAY118p7e |" time="0.002"/>
  <testcase name="Given I open Login form" classname="| ratko.dz@mailinator.com | OncSDalAY118p7e |" time="0"/>
  <testcase name="When I enter username as &quot;ratko.dz@mailinator.com&quot;" classname="| ratko.dz@mailinator.com | OncSDalAY118p7e |" time="0"/>
  <testcase name="And I enter password as &quot;OncSDalAY118p7e&quot;" classname="| ratko.dz@mailinator.com | OncSDalAY118p7e |" time="0"/>
  <testcase name="And I press login button" classname="| ratko.dz@mailinator.com | OncSDalAY118p7e |" time="0"/>
  <testcase name="Then User should be loged in" classname="| ratko.dz@mailinator.com | OncSDalAY118p7e |" time="0"/>
  <testcase name="| ratko.dz@mailinator.com | OncSDalAY118p7e |" classname="| ratko.dz@mailinator.com | OncSDalAY118p7e |" time="2.651"/>
</testsuite>